<?xml version="1.0" encoding="utf-8"?><testsuites name="pytest tests"><testsuite name="pytest" errors="0" failures="0" skipped="0" tests="20" time="7.318" timestamp="2026-05-07T10:00:20.362007+00:00" hostname="agent-env-1004a13a-7b15-4862-b407-5c768f98b14f"><testcase classname="backend.tests.backend_test.TestMeta" name="test_meta_sections_returns_21" time="0.360" /><testcase classname="backend.tests.backend_test.TestCandidateFlow" name="test_start_test_creates_session" time="0.085" /><testcase classname="backend.tests.backend_test.TestCandidateFlow" name="test_start_test_returns_existing_session_for_same_email" time="0.088" /><testcase classname="backend.tests.backend_test.TestCandidateFlow" name="test_save_response_vocabulary" time="0.093" /><testcase classname="backend.tests.backend_test.TestCandidateFlow" name="test_save_response_typing" time="0.078" /><testcase classname="backend.tests.backend_test.TestCandidateFlow" name="test_save_response_repetition" time="0.070" /><testcase classname="backend.tests.backend_test.TestCandidateFlow" name="test_response_upsert_idempotent" time="0.139" /><testcase classname="backend.tests.backend_test.TestCandidateFlow" name="test_conversation_endpoint_calls_claude" time="3.590" /><testcase classname="backend.tests.backend_test.TestCandidateFlow" name="test_complete_test_returns_scoring" time="0.352" /><testcase classname="backend.tests.backend_test.TestAdminAuth" name="test_admin_login_success" time="0.296" /><testcase classname="backend.tests.backend_test.TestAdminAuth" name="test_admin_login_wrong_password" time="0.295" /><testcase classname="backend.tests.backend_test.TestAdminAuth" name="test_admin_routes_require_jwt" time="0.363" /><testcase classname="backend.tests.backend_test.TestDashboard" name="test_dashboard" time="0.071" /><testcase classname="backend.tests.backend_test.TestQuestionsCrud" name="test_list_questions_by_section" time="0.071" /><testcase classname="backend.tests.backend_test.TestQuestionsCrud" name="test_create_update_delete_question" time="0.356" /><testcase classname="backend.tests.backend_test.TestCandidates" name="test_list_candidates" time="0.070" /><testcase classname="backend.tests.backend_test.TestCandidates" name="test_candidate_detail" time="0.076" /><testcase classname="backend.tests.backend_test.TestHrReview" name="test_save_hr_review" time="0.228" /><testcase classname="backend.tests.backend_test.TestSettings" name="test_get_settings_21" time="0.086" /><testcase classname="backend.tests.backend_test.TestSettings" name="test_bulk_update_then_reset" time="0.385" /></testsuite></testsuites>